<?xml version="1.0" encoding="UTF-8"?>
<!-- Generated by org.testng.reporters.JUnitReportReporter -->
<testsuite hostname="LTIN233583" failures="0" tests="6" name="testCases.TC_004_ToolTip" time="104.458" errors="0" timestamp="2024-01-30T12:22:52 IST" skipped="0">
  <testcase classname="testCases.TC_004_ToolTip" name="verify_username" time="11.024"/>
  <testcase classname="testCases.TC_004_ToolTip" name="fetchingNews" time="49.987"/>
  <testcase classname="testCases.TC_004_ToolTip" name="fetchingBlog" time="18.347"/>
  <testcase classname="testCases.TC_004_ToolTip" name="verify_appAndToolHeader" time="3.737"/>
  <testcase classname="testCases.TC_004_ToolTip" name="printAppsTools" time="11.345"/>
  <testcase classname="testCases.TC_004_ToolTip" name="verify_Tooltip_Headlines" time="10.018"/>
</testsuite> <!-- testCases.TC_004_ToolTip -->
